#
# A fatal error has been detected by the Java Runtime Environment:
#
#  Internal Error (javaClasses.cpp:126), pid=3300, tid=5132
#  fatal error: Invalid layout of preloaded class
#
# JRE version:  (8.0_31-b13) (build )
# Java VM: Java HotSpot(TM) 64-Bit Server VM (25.31-b07 mixed mode windows-amd64 compressed oops)
# Failed to write core dump. Minidumps are not enabled by default on client versions of Windows
#
# If you would like to submit a bug report, please visit:
#   http://bugreport.java.com/bugreport/crash.jsp
#

---------------  T H R E A D  ---------------

Current thread (0x00000000021ef000):  JavaThread "Unknown thread" [_thread_in_vm, id=5132, stack(0x0000000002460000,0x0000000002560000)]

Stack: [0x0000000002460000,0x0000000002560000]
Native frames: (J=compiled Java code, j=interpreted, Vv=VM code, C=native code)
V  [jvm.dll+0x3169ba]
V  [jvm.dll+0x2674c3]
V  [jvm.dll+0x268103]
V  [jvm.dll+0x25f876]
V  [jvm.dll+0x5e443]
V  [jvm.dll+0x5e533]
V  [jvm.dll+0x72e9a]
V  [jvm.dll+0x73208]
V  [jvm.dll+0xe4997]
V  [jvm.dll+0xe4d26]
V  [jvm.dll+0x1fa057]
V  [jvm.dll+0x22b694]
V  [jvm.dll+0x14d8c1]
C  [javaw.exe+0x20c6]
C  [javaw.exe+0xc9eb]
C  [javaw.exe+0xca7f]
C  [kernel32.dll+0x159ed]
C  [ntdll.dll+0x2c541]


---------------  P R O C E S S  ---------------

Java Threads: ( => current thread )

Other Threads:

=>0x00000000021ef000 (exited) JavaThread "Unknown thread" [_thread_in_vm, id=5132, stack(0x0000000002460000,0x0000000002560000)]

VM state:not at safepoint (not fully initialized)

VM Mutex/Monitor currently owned by a thread: None

GC Heap History (0 events):
No events

Deoptimization events (0 events):
No events

Internal exceptions (0 events):
No events

Events (10 events):
Event: 0.015 loading class java/lang/CharSequence done
Event: 0.015 loading class java/lang/String done
Event: 0.015 loading class java/lang/Class
Event: 0.016 loading class java/lang/reflect/AnnotatedElement
Event: 0.016 loading class java/lang/reflect/AnnotatedElement done
Event: 0.016 loading class java/lang/reflect/GenericDeclaration
Event: 0.016 loading class java/lang/reflect/GenericDeclaration done
Event: 0.016 loading class java/lang/reflect/Type
Event: 0.016 loading class java/lang/reflect/Type done
Event: 0.016 loading class java/lang/Class done


Dynamic libraries:
0x000000013f450000 - 0x000000013f484000 	C:\Program Files\Java\jre1.8.0_31\bin\javaw.exe
0x00000000774b0000 - 0x0000000077659000 	C:\Windows\SYSTEM32\ntdll.dll
0x0000000077290000 - 0x00000000773af000 	C:\Windows\system32\kernel32.dll
0x000007fefd530000 - 0x000007fefd59c000 	C:\Windows\system32\KERNELBASE.dll
0x0000000074d40000 - 0x0000000074dd4000 	C:\Program Files\Bitdefender\Bitdefender 2015\Active Virus Control\Avc3_00298_004\avcuf64.dll
0x000007fefe780000 - 0x000007fefe85b000 	C:\Windows\system32\ADVAPI32.dll
0x000007fefe6e0000 - 0x000007fefe77f000 	C:\Windows\system32\msvcrt.dll
0x000007fefdf20000 - 0x000007fefdf3f000 	C:\Windows\SYSTEM32\sechost.dll
0x000007feff5f0000 - 0x000007feff71d000 	C:\Windows\system32\RPCRT4.dll
0x00000000773b0000 - 0x00000000774aa000 	C:\Windows\system32\USER32.dll
0x000007fefe080000 - 0x000007fefe0e7000 	C:\Windows\system32\GDI32.dll
0x000007fefe360000 - 0x000007fefe36e000 	C:\Windows\system32\LPK.dll
0x000007fefdfa0000 - 0x000007fefe069000 	C:\Windows\system32\USP10.dll
0x000007fefa900000 - 0x000007fefaaf4000 	C:\Windows\WinSxS\amd64_microsoft.windows.common-controls_6595b64144ccf1df_6.0.7601.17514_none_fa396087175ac9ac\COMCTL32.dll
0x000007fefd630000 - 0x000007fefd6a1000 	C:\Windows\system32\SHLWAPI.dll
0x000007feff790000 - 0x000007feff7be000 	C:\Windows\system32\IMM32.DLL
0x000007fefd750000 - 0x000007fefd859000 	C:\Windows\system32\MSCTF.dll
0x0000000065600000 - 0x00000000656d2000 	C:\Program Files\Java\jre1.8.0_31\bin\msvcr100.dll
0x0000000064940000 - 0x000000006519a000 	C:\Program Files\Java\jre1.8.0_31\bin\server\jvm.dll
0x000007fee7430000 - 0x000007fee7439000 	C:\Windows\system32\WSOCK32.dll
0x000007feff720000 - 0x000007feff76d000 	C:\Windows\system32\WS2_32.dll
0x000007fefe070000 - 0x000007fefe078000 	C:\Windows\system32\NSI.dll
0x000007fefc3b0000 - 0x000007fefc3eb000 	C:\Windows\system32\WINMM.dll
0x0000000077670000 - 0x0000000077677000 	C:\Windows\system32\PSAPI.DLL
0x0000000072c40000 - 0x0000000072c4f000 	C:\Program Files\Java\jre1.8.0_31\bin\verify.dll
0x000000006d910000 - 0x000000006d938000 	C:\Program Files\Java\jre1.8.0_31\bin\java.dll
0x000000006bff0000 - 0x000000006c025000 	C:\Program Files\Java\jre1.8.0_31\bin\jdwp.dll
0x000000006d5a0000 - 0x000000006d5a8000 	C:\Program Files\Java\jre1.8.0_31\bin\npt.dll
0x0000000072bb0000 - 0x0000000072bc6000 	C:\Program Files\Java\jre1.8.0_31\bin\zip.dll
0x000007fee0e50000 - 0x000007fee0f75000 	C:\Windows\system32\dbghelp.dll

VM Arguments:
jvm_args: -agentlib:jdwp=transport=dt_socket,suspend=y,address=localhost:53248 -Dfile.encoding=Cp1252 -Xbootclasspath:C:\Program Files (x86)\Android\android-sdk\platforms\android-20\android.jar 
java_command: com.chein.crispcut.android
java_class_path (initial): C:\Users\Colin\Desktop\LogCutterGDX\LogCutter\android\bin\classes;C:\Users\Colin\.gradle\caches\modules-2\files-2.1\com.badlogicgames.gdx\gdx-backend-android\1.4.1\eca2621f18b162c03992bd3ecc226e8a477dc6f9\gdx-backend-android-1.4.1.jar;C:\Users\Colin\.gradle\caches\modules-2\files-2.1\com.badlogicgames.gdx\gdx\1.4.1\df470d263438048af74860ca51fc497c16a0c76a\gdx-1.4.1.jar;C:\Users\Colin\Desktop\LogCutterGDX\LogCutter\core\bin;C:\Users\Colin\Desktop\libgdx-gameservices-tutorial-master\BaseGameUtils\libs\android-support-v4.jar;C:\Users\Colin\Desktop\libgdx-gameservices-tutorial-master\google-play-services_lib\libs\google-play-services.jar;C:\Users\Colin\Desktop\libgdx-gameservices-tutorial-master\BaseGameUtils\bin\basegameutils.jar;C:\Users\Colin\Desktop\libgdx-gameservices-tutorial-master\google-play-services_lib\bin\google-play-services_lib.jar
Launcher Type: SUN_STANDARD

Environment Variables:
PATH=C:/Program Files/Java/jre1.8.0_31/bin/server;C:/Program Files/Java/jre1.8.0_31/bin;C:/Program Files/Java/jre1.8.0_31/lib/amd64;C:\Program Files\Common Files\Microsoft Shared\Windows Live;C:\Program Files (x86)\Common Files\Microsoft Shared\Windows Live;C:\Program Files (x86)\NVIDIA Corporation\PhysX\Common;C:\ProgramData\Oracle\Java\javapath;C:\Program Files (x86)\AMD APP\bin\x86_64;C:\Program Files (x86)\AMD APP\bin\x86;C:\Windows\system32;C:\Windows;C:\Windows\System32\Wbem;C:\Windows\System32\WindowsPowerShell\v1.0\;C:\Program Files (x86)\ATI Technologies\ATI.ACE\Core-Static;C:\Program Files (x86)\AMD\ATI.ACE\Core-Static;C:\Program Files (x86)\Windows Live\Shared;C:\Program Files\eclipse;
USERNAME=Colin
OS=Windows_NT
PROCESSOR_IDENTIFIER=AMD64 Family 18 Model 1 Stepping 0, AuthenticAMD



---------------  S Y S T E M  ---------------

OS: Windows 7 , 64 bit Build 7601 Service Pack 1

CPU:total 4 (4 cores per cpu, 1 threads per core) family 18 model 1 stepping 0, cmov, cx8, fxsr, mmx, sse, sse2, sse3, popcnt, mmxext, 3dnowpref, lzcnt, sse4a, tsc, tscinvbit, tscinv

Memory: 4k page, physical 7840608k(4355608k free), swap 15679360k(11528944k free)

vm_info: Java HotSpot(TM) 64-Bit Server VM (25.31-b07) for windows-amd64 JRE (1.8.0_31-b13), built on Dec 17 2014 21:00:28 by "java_re" with MS VC++ 10.0 (VS2010)

time: Mon Apr 13 18:03:56 2015
elapsed time: 0 seconds (0d 0h 0m 0s)

